time="2018-12-02 17:51:00" level=info msg="time:map[start_time:2018-11-29 06:50:46 end_time:2018-11-29 06:59:46]" line="crontab/crontab_og.go:25"
time="2018-12-02 17:51:00" level=info msg="time:map[start_time:2018-11-29 06:50:46 end_time:2018-11-29 06:59:46]" line="crontab/crontab_og.go:25"
time="2018-12-02 17:51:00" level=error msg="json: cannot unmarshal object into Go value of type []og.ResPutRecord" line="crontab/crontab_director.go:15"
time="2018-12-02 17:52:00" level=info msg="time:map[start_time:2018-11-29 06:50:46 end_time:2018-11-29 06:59:46]" line="crontab/crontab_og.go:25"
time="2018-12-02 17:52:00" level=info msg="time:map[start_time:2018-11-29 06:50:46 end_time:2018-11-29 06:59:46]" line="crontab/crontab_og.go:25"
time="2018-12-02 17:52:00" level=error msg="json: cannot unmarshal object into Go value of type []og.ResPutRecord" line="crontab/crontab_director.go:15"
time="2018-12-02 17:52:00" level=error msg="json: cannot unmarshal object into Go value of type []og.ResPutRecord" line="crontab/crontab_director.go:15"
time="2018-12-02 17:53:00" level=info msg="time:map[start_time:2018-11-29 06:50:46 end_time:2018-11-29 06:59:46]" line="crontab/crontab_og.go:25"
time="2018-12-02 17:53:00" level=info msg="time:map[start_time:2018-11-29 06:50:46 end_time:2018-11-29 06:59:46]" line="crontab/crontab_og.go:25"
time="2018-12-02 17:53:00" level=error msg="json: cannot unmarshal object into Go value of type []og.ResPutRecord" line="crontab/crontab_director.go:15"
time="2018-12-02 17:53:00" level=error msg="json: cannot unmarshal object into Go value of type []og.ResPutRecord" line="crontab/crontab_director.go:15"
time="2018-12-02 17:54:00" level=info msg="time:map[start_time:2018-11-29 06:50:46 end_time:2018-11-29 06:59:46]" line="crontab/crontab_og.go:25"
time="2018-12-02 17:54:00" level=info msg="time:map[start_time:2018-11-29 06:50:46 end_time:2018-11-29 06:59:46]" line="crontab/crontab_og.go:25"
time="2018-12-02 17:54:00" level=error msg="json: cannot unmarshal object into Go value of type []og.ResPutRecord" line="crontab/crontab_director.go:15"
time="2018-12-02 17:54:00" level=error msg="json: cannot unmarshal object into Go value of type []og.ResPutRecord" line="crontab/crontab_director.go:15"
time="2018-12-02 17:55:00" level=info msg="time:map[start_time:2018-11-29 06:50:46 end_time:2018-11-29 06:59:46]" line="crontab/crontab_og.go:25"
time="2018-12-02 17:55:00" level=info msg="time:map[start_time:2018-11-29 06:50:46 end_time:2018-11-29 06:59:46]" line="crontab/crontab_og.go:25"
time="2018-12-02 17:55:00" level=error msg="json: cannot unmarshal object into Go value of type []og.ResPutRecord" line="crontab/crontab_director.go:15"
time="2018-12-02 17:55:00" level=error msg="json: cannot unmarshal object into Go value of type []og.ResPutRecord" line="crontab/crontab_director.go:15"
time="2018-12-02 17:56:00" level=info msg="time:map[start_time:2018-11-29 06:50:46 end_time:2018-11-29 06:59:46]" line="crontab/crontab_og.go:25"
time="2018-12-02 17:56:00" level=info msg="time:map[start_time:2018-11-29 06:50:46 end_time:2018-11-29 06:59:46]" line="crontab/crontab_og.go:25"
time="2018-12-02 17:56:00" level=error msg="json: cannot unmarshal object into Go value of type []og.ResPutRecord" line="crontab/crontab_director.go:15"
time="2018-12-02 17:56:00" level=error msg="json: cannot unmarshal object into Go value of type []og.ResPutRecord" line="crontab/crontab_director.go:15"
time="2018-12-02 17:57:00" level=info msg="time:map[end_time:2018-11-29 06:59:46 start_time:2018-11-29 06:50:46]" line="crontab/crontab_og.go:25"
time="2018-12-02 17:57:00" level=info msg="time:map[start_time:2018-11-29 06:50:46 end_time:2018-11-29 06:59:46]" line="crontab/crontab_og.go:25"
time="2018-12-02 17:57:00" level=error msg="json: cannot unmarshal object into Go value of type []og.ResPutRecord" line="crontab/crontab_director.go:15"
time="2018-12-02 17:57:00" level=error msg="json: cannot unmarshal object into Go value of type []og.ResPutRecord" line="crontab/crontab_director.go:15"
time="2018-12-02 17:58:00" level=info msg="time:map[start_time:2018-11-29 06:50:46 end_time:2018-11-29 06:59:46]" line="crontab/crontab_og.go:25"
time="2018-12-02 17:58:00" level=info msg="time:map[start_time:2018-11-29 06:50:46 end_time:2018-11-29 06:59:46]" line="crontab/crontab_og.go:25"
time="2018-12-02 17:58:00" level=error msg="json: cannot unmarshal object into Go value of type []og.ResPutRecord" line="crontab/crontab_director.go:15"
time="2018-12-02 17:58:00" level=error msg="json: cannot unmarshal object into Go value of type []og.ResPutRecord" line="crontab/crontab_director.go:15"
time="2018-12-02 17:59:00" level=info msg="time:map[start_time:2018-11-29 06:50:46 end_time:2018-11-29 06:59:46]" line="crontab/crontab_og.go:25"
time="2018-12-02 17:59:00" level=info msg="time:map[start_time:2018-11-29 06:50:46 end_time:2018-11-29 06:59:46]" line="crontab/crontab_og.go:25"
time="2018-12-02 17:59:00" level=error msg="json: cannot unmarshal object into Go value of type []og.ResPutRecord" line="crontab/crontab_director.go:15"
time="2018-12-02 17:59:00" level=error msg="json: cannot unmarshal object into Go value of type []og.ResPutRecord" line="crontab/crontab_director.go:15"
time="2018-12-02 18:00:00" level=info msg="now:2018-12-02 17:50:002018-12-02 17:50:00" line="crontab/crontab_og.go:71"
time="2018-12-02 18:00:00" level=info msg="time:map[start_time:2018-11-29 06:50:46 end_time:2018-11-29 06:59:46]" line="crontab/crontab_og.go:75"
time="2018-12-02 18:00:00" level=info msg="now:2018-12-02 17:50:002018-12-02 17:50:00" line="crontab/crontab_og.go:71"
time="2018-12-02 18:00:00" level=info msg="time:map[start_time:2018-11-29 06:50:46 end_time:2018-11-29 06:59:46]" line="crontab/crontab_og.go:75"
time="2018-12-02 18:00:00" level=info msg="now:2018-12-02 17:50:002018-12-02 17:50:00" line="crontab/crontab_og.go:71"
time="2018-12-02 18:00:00" level=info msg="time:map[start_time:2018-11-29 06:50:46 end_time:2018-11-29 06:59:46]" line="crontab/crontab_og.go:75"
time="2018-12-02 18:00:00" level=error msg="json: cannot unmarshal object into Go value of type []og.ResPutRecord" line="crontab/crontab_director.go:15"
time="2018-12-02 18:00:00" level=error msg="json: cannot unmarshal object into Go value of type []og.ResPutRecord" line="crontab/crontab_director.go:15"
time="2018-12-02 18:00:00" level=error msg="json: cannot unmarshal object into Go value of type []og.ResPutRecord" line="crontab/crontab_director.go:15"
time="2018-12-02 18:01:00" level=info msg="now:2018-12-02 17:51:002018-12-02 17:51:00" line="crontab/crontab_og.go:71"
time="2018-12-02 18:01:00" level=info msg="time:map[start_time:2018-11-29 06:50:46 end_time:2018-11-29 06:59:46]" line="crontab/crontab_og.go:75"
time="2018-12-02 18:01:00" level=info msg="now:2018-12-02 17:51:002018-12-02 17:51:00" line="crontab/crontab_og.go:71"
time="2018-12-02 18:01:00" level=info msg="time:map[start_time:2018-11-29 06:50:46 end_time:2018-11-29 06:59:46]" line="crontab/crontab_og.go:75"
time="2018-12-02 18:01:00" level=info msg="now:2018-12-02 17:51:002018-12-02 17:51:00" line="crontab/crontab_og.go:71"
time="2018-12-02 18:01:00" level=info msg="time:map[start_time:2018-11-29 06:50:46 end_time:2018-11-29 06:59:46]" line="crontab/crontab_og.go:75"
time="2018-12-02 18:01:00" level=error msg="json: cannot unmarshal object into Go value of type []og.ResPutRecord" line="crontab/crontab_director.go:15"
time="2018-12-02 18:01:00" level=error msg="json: cannot unmarshal object into Go value of type []og.ResPutRecord" line="crontab/crontab_director.go:15"
time="2018-12-02 18:01:00" level=error msg="json: cannot unmarshal object into Go value of type []og.ResPutRecord" line="crontab/crontab_director.go:15"
time="2018-12-02 18:03:00" level=info msg="now:2018-12-02 17:53:002018-12-02 17:53:00" line="crontab/crontab_og.go:71"
time="2018-12-02 18:03:00" level=info msg="time:map[start_time:2018-11-29 06:50:46 end_time:2018-11-29 06:59:46]" line="crontab/crontab_og.go:75"
time="2018-12-02 18:03:00" level=info msg="now:2018-12-02 17:53:002018-12-02 17:53:00" line="crontab/crontab_og.go:71"
time="2018-12-02 18:03:00" level=info msg="time:map[start_time:2018-11-29 06:50:46 end_time:2018-11-29 06:59:46]" line="crontab/crontab_og.go:75"
time="2018-12-02 18:03:00" level=error msg="json: cannot unmarshal object into Go value of type []og.ResPutRecord" line="crontab/crontab_director.go:15"
time="2018-12-02 18:03:01" level=error msg="json: cannot unmarshal object into Go value of type []og.ResPutRecord" line="crontab/crontab_director.go:15"
time="2018-12-02 18:04:00" level=info msg="now:2018-12-02 17:54:002018-12-02 17:54:00" line="crontab/crontab_og.go:71"
time="2018-12-02 18:04:00" level=info msg="time:map[start_time:2018-11-29 06:50:46 end_time:2018-11-29 06:59:46]" line="crontab/crontab_og.go:75"
time="2018-12-02 18:04:00" level=info msg="now:2018-12-02 17:54:002018-12-02 17:54:00" line="crontab/crontab_og.go:71"
time="2018-12-02 18:04:00" level=info msg="time:map[start_time:2018-11-29 06:50:46 end_time:2018-11-29 06:59:46]" line="crontab/crontab_og.go:75"
time="2018-12-02 18:04:00" level=error msg="json: cannot unmarshal object into Go value of type []og.ResPutRecord" line="crontab/crontab_director.go:15"
time="2018-12-02 18:05:00" level=info msg="now:2018-12-02 17:55:002018-12-02 17:55:00" line="crontab/crontab_og.go:71"
time="2018-12-02 18:05:00" level=info msg="time:map[start_time:2018-11-29 06:50:46 end_time:2018-11-29 06:59:46]" line="crontab/crontab_og.go:75"
time="2018-12-02 18:05:00" level=info msg="now:2018-12-02 17:55:002018-12-02 17:55:00" line="crontab/crontab_og.go:71"
time="2018-12-02 18:05:00" level=info msg="time:map[start_time:2018-11-29 06:50:46 end_time:2018-11-29 06:59:46]" line="crontab/crontab_og.go:75"
time="2018-12-02 18:05:00" level=info msg="now:2018-12-02 17:55:002018-12-02 17:55:00" line="crontab/crontab_og.go:71"
time="2018-12-02 18:05:00" level=info msg="time:map[start_time:2018-11-29 06:50:46 end_time:2018-11-29 06:59:46]" line="crontab/crontab_og.go:75"
time="2018-12-02 18:05:00" level=error msg="json: cannot unmarshal object into Go value of type []og.ResPutRecord" line="crontab/crontab_director.go:15"
time="2018-12-02 18:05:00" level=error msg="json: cannot unmarshal object into Go value of type []og.ResPutRecord" line="crontab/crontab_director.go:15"
time="2018-12-02 18:06:00" level=info msg="time:map[start_time:2018-11-29 06:50:46 end_time:2018-11-29 06:59:46]" line="crontab/crontab_og.go:75"
time="2018-12-02 18:06:00" level=info msg="time:map[start_time:2018-11-29 06:50:46 end_time:2018-11-29 06:59:46]" line="crontab/crontab_og.go:75"
time="2018-12-02 18:06:00" level=error msg="json: cannot unmarshal object into Go value of type []og.ResPutRecord" line="crontab/crontab_director.go:15"
time="2018-12-02 18:08:00" level=info msg="time:map[start_time:2018-11-29 06:50:46 end_time:2018-11-29 06:59:46]" line="crontab/crontab_og.go:75"
time="2018-12-02 18:08:00" level=info msg="time:map[start_time:2018-11-29 06:50:46 end_time:2018-11-29 06:59:46]" line="crontab/crontab_og.go:75"
time="2018-12-02 18:08:00" level=info msg="time:map[start_time:2018-11-29 06:50:46 end_time:2018-11-29 06:59:46]" line="crontab/crontab_og.go:75"
time="2018-12-02 18:08:01" level=error msg="json: cannot unmarshal object into Go value of type []og.ResPutRecord" line="crontab/crontab_director.go:15"
time="2018-12-02 18:08:01" level=error msg="json: cannot unmarshal object into Go value of type []og.ResPutRecord" line="crontab/crontab_director.go:15"
time="2018-12-02 18:09:00" level=info msg="time:map[start_time:2018-11-29 06:50:46 end_time:2018-11-29 06:59:46]" line="crontab/crontab_og.go:75"
time="2018-12-02 18:09:00" level=info msg="time:map[start_time:2018-11-29 06:50:46 end_time:2018-11-29 06:59:46]" line="crontab/crontab_og.go:75"
time="2018-12-02 18:09:00" level=info msg="time:map[start_time:2018-11-29 06:50:46 end_time:2018-11-29 06:59:46]" line="crontab/crontab_og.go:75"
time="2018-12-02 18:09:00" level=error msg="json: cannot unmarshal object into Go value of type []og.ResPutRecord" line="crontab/crontab_director.go:15"
time="2018-12-02 18:09:00" level=error msg="json: cannot unmarshal object into Go value of type []og.ResPutRecord" line="crontab/crontab_director.go:15"
time="2018-12-02 18:10:00" level=info msg="time:map[start_time:2018-11-29 06:50:46 end_time:2018-11-29 06:59:46]" line="crontab/crontab_og.go:75"
time="2018-12-02 18:10:00" level=info msg="time:map[end_time:2018-11-29 06:59:46 start_time:2018-11-29 06:50:46]" line="crontab/crontab_og.go:75"
time="2018-12-02 18:10:00" level=info msg="time:map[end_time:2018-11-29 06:59:46 start_time:2018-11-29 06:50:46]" line="crontab/crontab_og.go:75"
time="2018-12-02 18:10:00" level=error msg="json: cannot unmarshal object into Go value of type []og.ResPutRecord" line="crontab/crontab_director.go:15"
time="2018-12-02 18:10:00" level=error msg="json: cannot unmarshal object into Go value of type []og.ResPutRecord" line="crontab/crontab_director.go:15"
time="2018-12-02 18:11:00" level=info msg="time:map[start_time:2018-11-29 06:50:46 end_time:2018-11-29 06:59:46]" line="crontab/crontab_og.go:75"
time="2018-12-02 18:11:00" level=info msg="time:map[start_time:2018-11-29 06:50:46 end_time:2018-11-29 06:59:46]" line="crontab/crontab_og.go:75"
time="2018-12-02 18:11:00" level=info msg="time:map[end_time:2018-11-29 06:59:46 start_time:2018-11-29 06:50:46]" line="crontab/crontab_og.go:75"
time="2018-12-02 18:11:00" level=error msg="json: cannot unmarshal object into Go value of type []og.ResPutRecord" line="crontab/crontab_director.go:15"
time="2018-12-02 18:11:00" level=error msg="json: cannot unmarshal object into Go value of type []og.ResPutRecord" line="crontab/crontab_director.go:15"
time="2018-12-02 18:12:00" level=info msg="time:map[end_time:2018-11-29 06:59:46 start_time:2018-11-29 06:50:46]" line="crontab/crontab_og.go:75"
time="2018-12-02 18:12:00" level=info msg="time:map[start_time:2018-11-29 06:50:46 end_time:2018-11-29 06:59:46]" line="crontab/crontab_og.go:75"
time="2018-12-02 18:12:00" level=info msg="time:map[start_time:2018-11-29 06:50:46 end_time:2018-11-29 06:59:46]" line="crontab/crontab_og.go:75"
time="2018-12-02 18:12:00" level=error msg="json: cannot unmarshal object into Go value of type []og.ResPutRecord" line="crontab/crontab_director.go:15"
time="2018-12-02 18:12:00" level=error msg="json: cannot unmarshal object into Go value of type []og.ResPutRecord" line="crontab/crontab_director.go:15"
time="2018-12-02 18:13:00" level=info msg="time:map[end_time:2018-11-29 06:59:46 start_time:2018-11-29 06:50:46]" line="crontab/crontab_og.go:75"
time="2018-12-02 18:13:00" level=info msg="time:map[start_time:2018-11-29 06:50:46 end_time:2018-11-29 06:59:46]" line="crontab/crontab_og.go:75"
time="2018-12-02 18:13:00" level=info msg="time:map[start_time:2018-11-29 06:50:46 end_time:2018-11-29 06:59:46]" line="crontab/crontab_og.go:75"
time="2018-12-02 18:13:00" level=error msg="json: cannot unmarshal object into Go value of type []og.ResPutRecord" line="crontab/crontab_director.go:15"
time="2018-12-02 18:13:00" level=error msg="json: cannot unmarshal object into Go value of type []og.ResPutRecord" line="crontab/crontab_director.go:15"
time="2018-12-02 18:14:00" level=info msg="time:map[end_time:2018-11-29 06:59:46 start_time:2018-11-29 06:50:46]" line="crontab/crontab_og.go:75"
time="2018-12-02 18:14:00" level=info msg="time:map[start_time:2018-11-29 06:50:46 end_time:2018-11-29 06:59:46]" line="crontab/crontab_og.go:75"
time="2018-12-02 18:14:00" level=info msg="time:map[start_time:2018-11-29 06:50:46 end_time:2018-11-29 06:59:46]" line="crontab/crontab_og.go:75"
time="2018-12-02 18:14:00" level=error msg="json: cannot unmarshal object into Go value of type []og.ResPutRecord" line="crontab/crontab_director.go:15"
time="2018-12-02 18:14:00" level=error msg="json: cannot unmarshal object into Go value of type []og.ResPutRecord" line="crontab/crontab_director.go:15"
time="2018-12-02 18:15:00" level=info msg="time:map[start_time:2018-11-29 06:50:46 end_time:2018-11-29 06:59:46]" line="crontab/crontab_og.go:75"
time="2018-12-02 18:15:00" level=info msg="time:map[start_time:2018-11-29 06:50:46 end_time:2018-11-29 06:59:46]" line="crontab/crontab_og.go:75"
time="2018-12-02 18:15:00" level=info msg="time:map[start_time:2018-11-29 06:50:46 end_time:2018-11-29 06:59:46]" line="crontab/crontab_og.go:75"
time="2018-12-02 18:15:00" level=error msg="json: cannot unmarshal object into Go value of type []og.ResPutRecord" line="crontab/crontab_director.go:15"
time="2018-12-02 18:15:00" level=error msg="json: cannot unmarshal object into Go value of type []og.ResPutRecord" line="crontab/crontab_director.go:15"
time="2018-12-02 18:15:00" level=error msg="json: cannot unmarshal object into Go value of type []og.ResPutRecord" line="crontab/crontab_director.go:15"
time="2018-12-02 18:16:00" level=info msg="time:map[start_time:2018-11-29 06:50:46 end_time:2018-11-29 06:59:46]" line="crontab/crontab_og.go:75"
time="2018-12-02 18:16:00" level=info msg="time:map[start_time:2018-11-29 06:50:46 end_time:2018-11-29 06:59:46]" line="crontab/crontab_og.go:75"
time="2018-12-02 18:16:00" level=info msg="time:map[start_time:2018-11-29 06:50:46 end_time:2018-11-29 06:59:46]" line="crontab/crontab_og.go:75"
time="2018-12-02 18:16:00" level=error msg="json: cannot unmarshal object into Go value of type []og.ResPutRecord" line="crontab/crontab_director.go:15"
time="2018-12-02 18:16:00" level=error msg="json: cannot unmarshal object into Go value of type []og.ResPutRecord" line="crontab/crontab_director.go:15"
time="2018-12-02 18:17:00" level=info msg="time:map[start_time:2018-11-29 06:50:46 end_time:2018-11-29 06:59:46]" line="crontab/crontab_og.go:78"
time="2018-12-02 18:17:00" level=info msg="time:map[start_time:2018-11-29 06:50:46 end_time:2018-11-29 06:59:46]" line="crontab/crontab_og.go:78"
time="2018-12-02 18:17:00" level=info msg="time:map[start_time:2018-11-29 06:50:46 end_time:2018-11-29 06:59:46]" line="crontab/crontab_og.go:78"
time="2018-12-02 18:17:00" level=error msg="json: cannot unmarshal object into Go value of type []og.ResPutRecord" line="crontab/crontab_director.go:15"
time="2018-12-02 18:17:00" level=error msg="json: cannot unmarshal object into Go value of type []og.ResPutRecord" line="crontab/crontab_director.go:15"
time="2018-12-02 18:18:00" level=info msg="time:map[start_time:2018-11-29 06:50:46 end_time:2018-11-29 06:59:46]" line="crontab/crontab_og.go:78"
time="2018-12-02 18:18:00" level=info msg="time:map[start_time:2018-11-29 06:50:46 end_time:2018-11-29 06:59:46]" line="crontab/crontab_og.go:78"
time="2018-12-02 18:18:00" level=info msg="time:map[start_time:2018-11-29 06:50:46 end_time:2018-11-29 06:59:46]" line="crontab/crontab_og.go:78"
time="2018-12-02 18:18:00" level=error msg="json: cannot unmarshal object into Go value of type []og.ResPutRecord" line="crontab/crontab_director.go:15"
time="2018-12-02 18:18:00" level=error msg="json: cannot unmarshal object into Go value of type []og.ResPutRecord" line="crontab/crontab_director.go:15"
time="2018-12-02 18:18:00" level=error msg="json: cannot unmarshal object into Go value of type []og.ResPutRecord" line="crontab/crontab_director.go:15"
time="2018-12-02 18:19:00" level=info msg="time:map[start_time:2018-11-29 06:50:46 end_time:2018-11-29 06:59:46]" line="crontab/crontab_og.go:78"
time="2018-12-02 18:19:00" level=info msg="time:map[start_time:2018-11-29 06:50:46 end_time:2018-11-29 06:59:46]" line="crontab/crontab_og.go:78"
time="2018-12-02 18:19:00" level=info msg="time:map[start_time:2018-11-29 06:50:46 end_time:2018-11-29 06:59:46]" line="crontab/crontab_og.go:78"
time="2018-12-02 18:19:00" level=error msg="json: cannot unmarshal object into Go value of type []og.ResPutRecord" line="crontab/crontab_director.go:15"
time="2018-12-02 18:19:00" level=error msg="json: cannot unmarshal object into Go value of type []og.ResPutRecord" line="crontab/crontab_director.go:15"
time="2018-12-02 18:20:00" level=info msg="time:map[start_time:2018-11-29 06:50:46 end_time:2018-11-29 06:59:46]" line="crontab/crontab_og.go:78"
time="2018-12-02 18:20:00" level=info msg="time:map[start_time:2018-11-29 06:50:46 end_time:2018-11-29 06:59:46]" line="crontab/crontab_og.go:78"
time="2018-12-02 18:20:00" level=info msg="time:map[start_time:2018-11-29 06:50:46 end_time:2018-11-29 06:59:46]" line="crontab/crontab_og.go:78"
time="2018-12-02 18:20:00" level=error msg="json: cannot unmarshal object into Go value of type []og.ResPutRecord" line="crontab/crontab_director.go:15"
time="2018-12-02 18:20:00" level=error msg="json: cannot unmarshal object into Go value of type []og.ResPutRecord" line="crontab/crontab_director.go:15"
time="2018-12-02 18:21:00" level=info msg="time:map[start_time:2018-11-29 06:50:46 end_time:2018-11-29 06:59:46]" line="crontab/crontab_og.go:78"
time="2018-12-02 18:21:00" level=info msg="time:map[start_time:2018-11-29 06:50:46 end_time:2018-11-29 06:59:46]" line="crontab/crontab_og.go:78"
time="2018-12-02 18:21:00" level=info msg="time:map[start_time:2018-11-29 06:50:46 end_time:2018-11-29 06:59:46]" line="crontab/crontab_og.go:78"
time="2018-12-02 18:21:00" level=error msg="json: cannot unmarshal object into Go value of type []og.ResPutRecord" line="crontab/crontab_director.go:15"
time="2018-12-02 18:21:00" level=error msg="json: cannot unmarshal object into Go value of type []og.ResPutRecord" line="crontab/crontab_director.go:15"
time="2018-12-02 18:22:00" level=info msg="time:map[end_time:2018-11-29 06:59:46 start_time:2018-11-29 06:50:46]" line="crontab/crontab_og.go:78"
time="2018-12-02 18:22:00" level=info msg="time:map[start_time:2018-11-29 06:50:46 end_time:2018-11-29 06:59:46]" line="crontab/crontab_og.go:78"
time="2018-12-02 18:22:00" level=info msg="time:map[end_time:2018-11-29 06:59:46 start_time:2018-11-29 06:50:46]" line="crontab/crontab_og.go:78"
time="2018-12-02 18:22:00" level=error msg="json: cannot unmarshal object into Go value of type []og.ResPutRecord" line="crontab/crontab_director.go:15"
time="2018-12-02 18:22:00" level=error msg="json: cannot unmarshal object into Go value of type []og.ResPutRecord" line="crontab/crontab_director.go:15"
time="2018-12-02 18:23:00" level=info msg="time:map[start_time:2018-11-29 06:50:46 end_time:2018-11-29 06:59:46]" line="crontab/crontab_og.go:78"
time="2018-12-02 18:23:00" level=info msg="time:map[start_time:2018-11-29 06:50:46 end_time:2018-11-29 06:59:46]" line="crontab/crontab_og.go:78"
time="2018-12-02 18:23:00" level=info msg="time:map[start_time:2018-11-29 06:50:46 end_time:2018-11-29 06:59:46]" line="crontab/crontab_og.go:78"
time="2018-12-02 18:23:00" level=error msg="json: cannot unmarshal object into Go value of type []og.ResPutRecord" line="crontab/crontab_director.go:15"
time="2018-12-02 18:23:00" level=error msg="json: cannot unmarshal object into Go value of type []og.ResPutRecord" line="crontab/crontab_director.go:15"
time="2018-12-02 18:24:00" level=info msg="time:map[start_time:2018-11-29 06:50:46 end_time:2018-11-29 06:59:46]" line="crontab/crontab_og.go:78"
time="2018-12-02 18:24:00" level=info msg="time:map[start_time:2018-11-29 06:50:46 end_time:2018-11-29 06:59:46]" line="crontab/crontab_og.go:78"
time="2018-12-02 18:24:00" level=info msg="time:map[start_time:2018-11-29 06:50:46 end_time:2018-11-29 06:59:46]" line="crontab/crontab_og.go:78"
time="2018-12-02 18:24:00" level=error msg="json: cannot unmarshal object into Go value of type []og.ResPutRecord" line="crontab/crontab_director.go:15"
time="2018-12-02 18:24:00" level=error msg="json: cannot unmarshal object into Go value of type []og.ResPutRecord" line="crontab/crontab_director.go:15"
time="2018-12-02 18:25:00" level=info msg="time:map[start_time:2018-11-29 06:50:46 end_time:2018-11-29 06:59:46]" line="crontab/crontab_og.go:78"
time="2018-12-02 18:25:00" level=info msg="time:map[start_time:2018-11-29 06:50:46 end_time:2018-11-29 06:59:46]" line="crontab/crontab_og.go:78"
time="2018-12-02 18:25:00" level=info msg="time:map[start_time:2018-11-29 06:50:46 end_time:2018-11-29 06:59:46]" line="crontab/crontab_og.go:78"
time="2018-12-02 18:25:00" level=error msg="json: cannot unmarshal object into Go value of type []og.ResPutRecord" line="crontab/crontab_director.go:15"
time="2018-12-02 18:25:00" level=error msg="json: cannot unmarshal object into Go value of type []og.ResPutRecord" line="crontab/crontab_director.go:15"
time="2018-12-02 18:28:00" level=info msg="time:map[start_time:2018-11-29 06:50:46 end_time:2018-11-29 06:59:46]" line="crontab/crontab_og.go:78"
time="2018-12-02 18:28:00" level=info msg="time:map[start_time:2018-11-29 06:50:46 end_time:2018-11-29 06:59:46]" line="crontab/crontab_og.go:78"
time="2018-12-02 18:28:00" level=info msg="time:map[start_time:2018-11-29 06:50:46 end_time:2018-11-29 06:59:46]" line="crontab/crontab_og.go:78"
time="2018-12-02 18:28:00" level=error msg="json: cannot unmarshal object into Go value of type []og.ResPutRecord" line="crontab/crontab_director.go:15"
time="2018-12-02 18:28:00" level=error msg="json: cannot unmarshal object into Go value of type []og.ResPutRecord" line="crontab/crontab_director.go:15"
time="2018-12-02 18:29:00" level=info msg="time:map[end_time:2018-11-29 06:59:46 start_time:2018-11-29 06:50:46]" line="crontab/crontab_og.go:78"
time="2018-12-02 18:29:00" level=info msg="time:map[start_time:2018-11-29 06:50:46 end_time:2018-11-29 06:59:46]" line="crontab/crontab_og.go:78"
time="2018-12-02 18:29:00" level=info msg="time:map[start_time:2018-11-29 06:50:46 end_time:2018-11-29 06:59:46]" line="crontab/crontab_og.go:78"
time="2018-12-02 18:29:00" level=error msg="json: cannot unmarshal object into Go value of type []og.ResPutRecord" line="crontab/crontab_director.go:15"
time="2018-12-02 18:29:00" level=error msg="json: cannot unmarshal object into Go value of type []og.ResPutRecord" line="crontab/crontab_director.go:15"
time="2018-12-02 18:29:57" level=error msg="Expected exactly 5 fields, found 6: 0 */1 * * * *" line="crontab/crontab.go:49"
time="2018-12-02 18:30:00" level=info msg="time:map[start_time:2018-11-29 06:50:46 end_time:2018-11-29 06:59:46]" line="crontab/crontab_og.go:78"
time="2018-12-02 18:30:00" level=info msg="time:map[start_time:2018-11-29 06:50:46 end_time:2018-11-29 06:59:46]" line="crontab/crontab_og.go:78"
time="2018-12-02 18:30:00" level=error msg="json: cannot unmarshal object into Go value of type []og.ResPutRecord" line="crontab/crontab_director.go:15"
time="2018-12-02 18:30:35" level=error msg="Expected exactly 5 fields, found 7: 0 */1 * * * * ?" line="crontab/crontab.go:49"
time="2018-12-02 18:31:00" level=info msg="time:map[start_time:2018-11-29 06:50:46 end_time:2018-11-29 06:59:46]" line="crontab/crontab_og.go:78"
time="2018-12-02 18:31:00" level=info msg="time:map[start_time:2018-11-29 06:50:46 end_time:2018-11-29 06:59:46]" line="crontab/crontab_og.go:78"
time="2018-12-02 18:31:01" level=error msg="json: cannot unmarshal object into Go value of type []og.ResPutRecord" line="crontab/crontab_director.go:15"
time="2018-12-02 18:32:00" level=info msg="time:map[start_time:2018-11-29 06:50:46 end_time:2018-11-29 06:59:46]" line="crontab/crontab_og.go:78"
time="2018-12-02 18:32:00" level=info msg="time:map[end_time:2018-11-29 06:59:46 start_time:2018-11-29 06:50:46]" line="crontab/crontab_og.go:78"
time="2018-12-02 18:32:00" level=info msg="time:map[start_time:2018-11-29 06:50:46 end_time:2018-11-29 06:59:46]" line="crontab/crontab_og.go:78"
time="2018-12-02 18:32:00" level=error msg="json: cannot unmarshal object into Go value of type []og.ResPutRecord" line="crontab/crontab_director.go:15"
time="2018-12-02 18:32:00" level=error msg="json: cannot unmarshal object into Go value of type []og.ResPutRecord" line="crontab/crontab_director.go:15"
time="2018-12-02 18:33:00" level=info msg="time:map[start_time:2018-11-29 06:50:46 end_time:2018-11-29 06:59:46]" line="crontab/crontab_og.go:78"
time="2018-12-02 18:33:00" level=info msg="time:map[start_time:2018-11-29 06:50:46 end_time:2018-11-29 06:59:46]" line="crontab/crontab_og.go:78"
time="2018-12-02 18:33:00" level=info msg="time:map[start_time:2018-11-29 06:50:46 end_time:2018-11-29 06:59:46]" line="crontab/crontab_og.go:78"
time="2018-12-02 18:33:00" level=error msg="json: cannot unmarshal object into Go value of type []og.ResPutRecord" line="crontab/crontab_director.go:15"
time="2018-12-02 18:33:00" level=error msg="json: cannot unmarshal object into Go value of type []og.ResPutRecord" line="crontab/crontab_director.go:15"
time="2018-12-02 18:34:00" level=info msg="time:map[start_time:2018-11-29 06:50:46 end_time:2018-11-29 06:59:46]" line="crontab/crontab_og.go:78"
time="2018-12-02 18:34:00" level=info msg="time:map[start_time:2018-11-29 06:50:46 end_time:2018-11-29 06:59:46]" line="crontab/crontab_og.go:78"
time="2018-12-02 18:34:00" level=info msg="time:map[start_time:2018-11-29 06:50:46 end_time:2018-11-29 06:59:46]" line="crontab/crontab_og.go:78"
time="2018-12-02 18:34:00" level=error msg="json: cannot unmarshal object into Go value of type []og.ResPutRecord" line="crontab/crontab_director.go:15"
time="2018-12-02 18:34:00" level=error msg="json: cannot unmarshal object into Go value of type []og.ResPutRecord" line="crontab/crontab_director.go:15"
time="2018-12-02 18:35:00" level=info msg="time:map[start_time:2018-11-29 06:50:46 end_time:2018-11-29 06:59:46]" line="crontab/crontab_og.go:78"
time="2018-12-02 18:35:00" level=info msg="time:map[start_time:2018-11-29 06:50:46 end_time:2018-11-29 06:59:46]" line="crontab/crontab_og.go:78"
time="2018-12-02 18:35:00" level=info msg="time:map[start_time:2018-11-29 06:50:46 end_time:2018-11-29 06:59:46]" line="crontab/crontab_og.go:78"
time="2018-12-02 18:35:00" level=error msg="json: cannot unmarshal object into Go value of type []og.ResPutRecord" line="crontab/crontab_director.go:15"
time="2018-12-02 18:35:00" level=error msg="json: cannot unmarshal object into Go value of type []og.ResPutRecord" line="crontab/crontab_director.go:15"
time="2018-12-02 18:36:00" level=info msg="time:map[end_time:2018-11-29 06:59:46 start_time:2018-11-29 06:50:46]" line="crontab/crontab_og.go:78"
time="2018-12-02 18:36:00" level=info msg="time:map[start_time:2018-11-29 06:50:46 end_time:2018-11-29 06:59:46]" line="crontab/crontab_og.go:78"
time="2018-12-02 18:36:00" level=info msg="time:map[start_time:2018-11-29 06:50:46 end_time:2018-11-29 06:59:46]" line="crontab/crontab_og.go:78"
time="2018-12-02 18:36:00" level=error msg="json: cannot unmarshal object into Go value of type []og.ResPutRecord" line="crontab/crontab_director.go:15"
time="2018-12-02 18:36:00" level=error msg="json: cannot unmarshal object into Go value of type []og.ResPutRecord" line="crontab/crontab_director.go:15"
time="2018-12-02 18:37:00" level=info msg="time:map[start_time:2018-11-29 06:50:46 end_time:2018-11-29 06:59:46]" line="crontab/crontab_og.go:78"
time="2018-12-02 18:37:00" level=info msg="time:map[start_time:2018-11-29 06:50:46 end_time:2018-11-29 06:59:46]" line="crontab/crontab_og.go:78"
time="2018-12-02 18:37:00" level=info msg="time:map[start_time:2018-11-29 06:50:46 end_time:2018-11-29 06:59:46]" line="crontab/crontab_og.go:78"
time="2018-12-02 18:37:00" level=error msg="json: cannot unmarshal object into Go value of type []og.ResPutRecord" line="crontab/crontab_director.go:15"
time="2018-12-02 18:37:00" level=error msg="json: cannot unmarshal object into Go value of type []og.ResPutRecord" line="crontab/crontab_director.go:15"
time="2018-12-02 18:38:00" level=info msg="time:map[start_time:2018-11-29 06:50:46 end_time:2018-11-29 06:59:46]" line="crontab/crontab_og.go:78"
time="2018-12-02 18:38:00" level=info msg="time:map[start_time:2018-11-29 06:50:46 end_time:2018-11-29 06:59:46]" line="crontab/crontab_og.go:78"
time="2018-12-02 18:38:00" level=info msg="time:map[end_time:2018-11-29 06:59:46 start_time:2018-11-29 06:50:46]" line="crontab/crontab_og.go:78"
time="2018-12-02 18:38:00" level=error msg="json: cannot unmarshal object into Go value of type []og.ResPutRecord" line="crontab/crontab_director.go:15"
time="2018-12-02 18:38:00" level=error msg="json: cannot unmarshal object into Go value of type []og.ResPutRecord" line="crontab/crontab_director.go:15"
time="2018-12-02 18:39:00" level=info msg="time:map[start_time:2018-11-29 06:50:46 end_time:2018-11-29 06:59:46]" line="crontab/crontab_og.go:78"
time="2018-12-02 18:39:00" level=info msg="time:map[start_time:2018-11-29 06:50:46 end_time:2018-11-29 06:59:46]" line="crontab/crontab_og.go:78"
time="2018-12-02 18:39:00" level=info msg="time:map[start_time:2018-11-29 06:50:46 end_time:2018-11-29 06:59:46]" line="crontab/crontab_og.go:78"
time="2018-12-02 18:39:00" level=error msg="json: cannot unmarshal object into Go value of type []og.ResPutRecord" line="crontab/crontab_director.go:15"
time="2018-12-02 18:39:00" level=error msg="json: cannot unmarshal object into Go value of type []og.ResPutRecord" line="crontab/crontab_director.go:15"
time="2018-12-02 18:40:00" level=info msg="time:map[start_time:2018-11-29 06:50:46 end_time:2018-11-29 06:59:46]" line="crontab/crontab_og.go:78"
time="2018-12-02 18:40:00" level=info msg="time:map[start_time:2018-11-29 06:50:46 end_time:2018-11-29 06:59:46]" line="crontab/crontab_og.go:78"
time="2018-12-02 18:40:00" level=info msg="time:map[start_time:2018-11-29 06:50:46 end_time:2018-11-29 06:59:46]" line="crontab/crontab_og.go:78"
time="2018-12-02 18:40:00" level=error msg="json: cannot unmarshal object into Go value of type []og.ResPutRecord" line="crontab/crontab_director.go:15"
time="2018-12-02 18:40:00" level=error msg="json: cannot unmarshal object into Go value of type []og.ResPutRecord" line="crontab/crontab_director.go:15"
time="2018-12-02 18:41:00" level=info msg="time:map[start_time:2018-11-29 06:50:46 end_time:2018-11-29 06:59:46]" line="crontab/crontab_og.go:78"
time="2018-12-02 18:41:00" level=info msg="time:map[end_time:2018-11-29 06:59:46 start_time:2018-11-29 06:50:46]" line="crontab/crontab_og.go:78"
time="2018-12-02 18:41:00" level=info msg="time:map[start_time:2018-11-29 06:50:46 end_time:2018-11-29 06:59:46]" line="crontab/crontab_og.go:78"
time="2018-12-02 18:41:00" level=error msg="json: cannot unmarshal object into Go value of type []og.ResPutRecord" line="crontab/crontab_director.go:15"
time="2018-12-02 18:41:00" level=error msg="json: cannot unmarshal object into Go value of type []og.ResPutRecord" line="crontab/crontab_director.go:15"
time="2018-12-02 18:42:00" level=info msg="time:map[start_time:2018-11-29 06:50:46 end_time:2018-11-29 06:59:46]" line="crontab/crontab_og.go:78"
time="2018-12-02 18:42:00" level=info msg="time:map[start_time:2018-11-29 06:50:46 end_time:2018-11-29 06:59:46]" line="crontab/crontab_og.go:78"
time="2018-12-02 18:42:00" level=info msg="time:map[start_time:2018-11-29 06:50:46 end_time:2018-11-29 06:59:46]" line="crontab/crontab_og.go:78"
time="2018-12-02 18:42:00" level=error msg="json: cannot unmarshal object into Go value of type []og.ResPutRecord" line="crontab/crontab_director.go:15"
time="2018-12-02 18:42:00" level=error msg="json: cannot unmarshal object into Go value of type []og.ResPutRecord" line="crontab/crontab_director.go:15"
time="2018-12-03 09:10:00" level=info msg="time:map[start_time:2018-11-29 06:50:46 end_time:2018-11-29 06:59:46]" line="crontab/crontab_og.go:78"
time="2018-12-03 09:10:00" level=info msg="time:map[start_time:2018-11-29 06:50:46 end_time:2018-11-29 06:59:46]" line="crontab/crontab_og.go:78"
time="2018-12-03 09:10:01" level=error msg="Post http://mucho.oriental-game.com:8057/Transaction: proxyconnect tcp: dial tcp 127.0.0.1:1080: connectex: No connection could be made because the target machine actively refused it." line="crontab/crontab_director.go:15"
time="2018-12-03 09:10:01" level=error msg="Post http://mucho.oriental-game.com:8057/Transaction: proxyconnect tcp: dial tcp 127.0.0.1:1080: connectex: No connection could be made because the target machine actively refused it." line="crontab/crontab_director.go:15"
time="2018-12-03 09:11:00" level=info msg="time:map[start_time:2018-11-29 06:50:46 end_time:2018-11-29 06:59:46]" line="crontab/crontab_og.go:78"
time="2018-12-03 09:11:00" level=info msg="time:map[start_time:2018-11-29 06:50:46 end_time:2018-11-29 06:59:46]" line="crontab/crontab_og.go:78"
time="2018-12-03 09:11:01" level=error msg="Post http://mucho.oriental-game.com:8057/Transaction: proxyconnect tcp: dial tcp 127.0.0.1:1080: connectex: No connection could be made because the target machine actively refused it." line="crontab/crontab_director.go:15"
time="2018-12-03 09:11:01" level=error msg="Post http://mucho.oriental-game.com:8057/Transaction: proxyconnect tcp: dial tcp 127.0.0.1:1080: connectex: No connection could be made because the target machine actively refused it." line="crontab/crontab_director.go:15"
time="2018-12-03 09:12:00" level=info msg="time:map[start_time:2018-11-29 06:50:46 end_time:2018-11-29 06:59:46]" line="crontab/crontab_og.go:78"
time="2018-12-03 09:12:00" level=info msg="time:map[start_time:2018-11-29 06:50:46 end_time:2018-11-29 06:59:46]" line="crontab/crontab_og.go:78"
time="2018-12-03 09:12:01" level=error msg="json: cannot unmarshal object into Go value of type []og.ResPutRecord" line="crontab/crontab_director.go:15"
time="2018-12-03 09:12:50" level=error msg="Failed to parse int from *10: strconv.Atoi: parsing \"*10\": invalid syntax" line="crontab/crontab.go:49"
time="2018-12-03 09:13:00" level=info msg="time:map[start_time:2018-11-29 06:50:46 end_time:2018-11-29 06:59:46]" line="crontab/crontab_og.go:78"
time="2018-12-03 09:13:00" level=info msg="time:map[start_time:2018-11-29 06:50:46 end_time:2018-11-29 06:59:46]" line="crontab/crontab_og.go:78"
time="2018-12-03 09:13:01" level=error msg="json: cannot unmarshal object into Go value of type []og.ResPutRecord" line="crontab/crontab_director.go:15"
time="2018-12-03 09:14:00" level=info msg="time:map[start_time:2018-11-29 06:50:46 end_time:2018-11-29 06:59:46]" line="crontab/crontab_og.go:78"
time="2018-12-03 09:14:00" level=info msg="time:map[start_time:2018-11-29 06:50:46 end_time:2018-11-29 06:59:46]" line="crontab/crontab_og.go:78"
time="2018-12-03 09:14:00" level=error msg="json: cannot unmarshal object into Go value of type []og.ResPutRecord" line="crontab/crontab_director.go:15"
time="2018-12-03 09:16:42" level=error msg="Expected exactly 5 fields, found 3: * /， - " line="crontab/crontab.go:49"
time="2018-12-03 09:17:00" level=info msg="time:map[start_time:2018-11-29 06:50:46 end_time:2018-11-29 06:59:46]" line="crontab/crontab_og.go:78"
time="2018-12-03 09:17:00" level=info msg="time:map[start_time:2018-11-29 06:50:46 end_time:2018-11-29 06:59:46]" line="crontab/crontab_og.go:78"
time="2018-12-03 09:17:00" level=error msg="json: cannot unmarshal object into Go value of type []og.ResPutRecord" line="crontab/crontab_director.go:15"
time="2018-12-03 09:17:14" level=error msg="Expected exactly 5 fields, found 3: * /1， - " line="crontab/crontab.go:49"
time="2018-12-03 09:18:00" level=info msg="time:map[start_time:2018-11-29 06:50:46 end_time:2018-11-29 06:59:46]" line="crontab/crontab_og.go:78"
time="2018-12-03 09:18:00" level=info msg="time:map[start_time:2018-11-29 06:50:46 end_time:2018-11-29 06:59:46]" line="crontab/crontab_og.go:78"
time="2018-12-03 09:18:00" level=error msg="json: cannot unmarshal object into Go value of type []og.ResPutRecord" line="crontab/crontab_director.go:15"
time="2018-12-03 09:18:00" level=error msg="json: cannot unmarshal object into Go value of type []og.ResPutRecord" line="crontab/crontab_director.go:15"
time="2018-12-03 09:21:00" level=info msg="time:map[end_time:2018-11-29 06:59:46 start_time:2018-11-29 06:50:46]" line="crontab/crontab_og.go:78"
time="2018-12-03 09:21:00" level=info msg="time:map[start_time:2018-11-29 06:50:46 end_time:2018-11-29 06:59:46]" line="crontab/crontab_og.go:78"
time="2018-12-03 09:21:00" level=error msg="json: cannot unmarshal object into Go value of type []og.ResPutRecord" line="crontab/crontab_director.go:15"
time="2018-12-03 09:21:00" level=error msg="json: cannot unmarshal object into Go value of type []og.ResPutRecord" line="crontab/crontab_director.go:15"
time="2018-12-03 09:22:00" level=info msg="time:map[start_time:2018-11-29 06:50:46 end_time:2018-11-29 06:59:46]" line="crontab/crontab_og.go:78"
time="2018-12-03 09:22:00" level=info msg="time:map[start_time:2018-11-29 06:50:46 end_time:2018-11-29 06:59:46]" line="crontab/crontab_og.go:78"
time="2018-12-03 09:22:01" level=error msg="json: cannot unmarshal object into Go value of type []og.ResPutRecord" line="crontab/crontab_director.go:15"
time="2018-12-03 09:22:05" level=error msg="json: cannot unmarshal object into Go value of type []og.ResPutRecord" line="crontab/crontab_director.go:15"
time="2018-12-03 09:22:55" level=error msg="Expected exactly 5 fields, found 3: * /1, -" line="crontab/crontab.go:49"
time="2018-12-03 09:23:00" level=info msg="time:map[start_time:2018-11-29 06:50:46 end_time:2018-11-29 06:59:46]" line="crontab/crontab_og.go:78"
time="2018-12-03 09:23:00" level=info msg="time:map[start_time:2018-11-29 06:50:46 end_time:2018-11-29 06:59:46]" line="crontab/crontab_og.go:78"
time="2018-12-03 09:23:00" level=error msg="json: cannot unmarshal object into Go value of type []og.ResPutRecord" line="crontab/crontab_director.go:15"
time="2018-12-03 09:23:00" level=error msg="json: cannot unmarshal object into Go value of type []og.ResPutRecord" line="crontab/crontab_director.go:15"
time="2018-12-03 09:25:29" level=error msg="Expected exactly 5 fields, found 6: 0/10 * * * * ?" line="crontab/crontab.go:49"
time="2018-12-03 09:26:00" level=info msg="time:map[start_time:2018-11-29 06:50:46 end_time:2018-11-29 06:59:46]" line="crontab/crontab_og.go:78"
time="2018-12-03 09:26:00" level=info msg="time:map[start_time:2018-11-29 06:50:46 end_time:2018-11-29 06:59:46]" line="crontab/crontab_og.go:78"
time="2018-12-03 09:26:00" level=error msg="json: cannot unmarshal object into Go value of type []og.ResPutRecord" line="crontab/crontab_director.go:15"
time="2018-12-03 09:26:01" level=error msg="json: cannot unmarshal object into Go value of type []og.ResPutRecord" line="crontab/crontab_director.go:15"
time="2018-12-03 09:27:00" level=info msg="time:map[start_time:2018-11-29 06:50:46 end_time:2018-11-29 06:59:46]" line="crontab/crontab_og.go:78"
time="2018-12-03 09:27:00" level=info msg="time:map[start_time:2018-11-29 06:50:46 end_time:2018-11-29 06:59:46]" line="crontab/crontab_og.go:78"
time="2018-12-03 09:27:00" level=error msg="json: cannot unmarshal object into Go value of type []og.ResPutRecord" line="crontab/crontab_director.go:15"
time="2018-12-03 09:27:00" level=error msg="json: cannot unmarshal object into Go value of type []og.ResPutRecord" line="crontab/crontab_director.go:15"
time="2018-12-03 09:27:27" level=error msg="Expected exactly 5 fields, found 6: 0/5 * * * * ?" line="crontab/crontab.go:49"
time="2018-12-03 09:28:00" level=info msg="time:map[start_time:2018-11-29 06:50:46 end_time:2018-11-29 06:59:46]" line="crontab/crontab_og.go:78"
time="2018-12-03 09:28:00" level=info msg="time:map[start_time:2018-11-29 06:50:46 end_time:2018-11-29 06:59:46]" line="crontab/crontab_og.go:78"
time="2018-12-03 09:28:00" level=error msg="json: cannot unmarshal object into Go value of type []og.ResPutRecord" line="crontab/crontab_director.go:15"
time="2018-12-03 09:28:00" level=error msg="json: cannot unmarshal object into Go value of type []og.ResPutRecord" line="crontab/crontab_director.go:15"
time="2018-12-03 09:29:00" level=info msg="time:map[start_time:2018-11-29 06:50:46 end_time:2018-11-29 06:59:46]" line="crontab/crontab_og.go:78"
time="2018-12-03 09:29:00" level=info msg="time:map[start_time:2018-11-29 06:50:46 end_time:2018-11-29 06:59:46]" line="crontab/crontab_og.go:78"
time="2018-12-03 09:29:00" level=error msg="json: cannot unmarshal object into Go value of type []og.ResPutRecord" line="crontab/crontab_director.go:15"
time="2018-12-03 09:29:00" level=error msg="json: cannot unmarshal object into Go value of type []og.ResPutRecord" line="crontab/crontab_director.go:15"
time="2018-12-03 09:30:00" level=info msg="time:map[start_time:2018-11-29 06:50:46 end_time:2018-11-29 06:59:46]" line="crontab/crontab_og.go:78"
time="2018-12-03 09:30:00" level=info msg="time:map[start_time:2018-11-29 06:50:46 end_time:2018-11-29 06:59:46]" line="crontab/crontab_og.go:78"
time="2018-12-03 09:30:00" level=error msg="json: cannot unmarshal object into Go value of type []og.ResPutRecord" line="crontab/crontab_director.go:15"
time="2018-12-03 09:30:00" level=error msg="json: cannot unmarshal object into Go value of type []og.ResPutRecord" line="crontab/crontab_director.go:15"
time="2018-12-03 09:31:00" level=info msg="time:map[start_time:2018-11-29 06:50:46 end_time:2018-11-29 06:59:46]" line="crontab/crontab_og.go:78"
time="2018-12-03 09:31:00" level=info msg="time:map[start_time:2018-11-29 06:50:46 end_time:2018-11-29 06:59:46]" line="crontab/crontab_og.go:78"
time="2018-12-03 09:31:00" level=error msg="json: cannot unmarshal object into Go value of type []og.ResPutRecord" line="crontab/crontab_director.go:15"
time="2018-12-03 09:31:00" level=error msg="json: cannot unmarshal object into Go value of type []og.ResPutRecord" line="crontab/crontab_director.go:15"
time="2018-12-03 09:32:00" level=info msg="time:map[start_time:2018-11-29 06:50:46 end_time:2018-11-29 06:59:46]" line="crontab/crontab_og.go:78"
time="2018-12-03 09:32:00" level=info msg="time:map[start_time:2018-11-29 06:50:46 end_time:2018-11-29 06:59:46]" line="crontab/crontab_og.go:78"
time="2018-12-03 09:32:00" level=error msg="json: cannot unmarshal object into Go value of type []og.ResPutRecord" line="crontab/crontab_director.go:15"
time="2018-12-03 09:32:00" level=error msg="json: cannot unmarshal object into Go value of type []og.ResPutRecord" line="crontab/crontab_director.go:15"
time="2018-12-03 09:33:00" level=info msg="time:map[start_time:2018-11-29 06:50:46 end_time:2018-11-29 06:59:46]" line="crontab/crontab_og.go:78"
time="2018-12-03 09:33:00" level=info msg="time:map[start_time:2018-11-29 06:50:46 end_time:2018-11-29 06:59:46]" line="crontab/crontab_og.go:78"
time="2018-12-03 09:33:00" level=error msg="json: cannot unmarshal object into Go value of type []og.ResPutRecord" line="crontab/crontab_director.go:15"
time="2018-12-03 09:33:00" level=error msg="json: cannot unmarshal object into Go value of type []og.ResPutRecord" line="crontab/crontab_director.go:15"
time="2018-12-03 09:34:00" level=info msg="time:map[start_time:2018-11-29 06:50:46 end_time:2018-11-29 06:59:46]" line="crontab/crontab_og.go:78"
time="2018-12-03 09:34:00" level=info msg="time:map[start_time:2018-11-29 06:50:46 end_time:2018-11-29 06:59:46]" line="crontab/crontab_og.go:78"
time="2018-12-03 09:34:00" level=error msg="json: cannot unmarshal object into Go value of type []og.ResPutRecord" line="crontab/crontab_director.go:15"
time="2018-12-03 09:34:00" level=error msg="json: cannot unmarshal object into Go value of type []og.ResPutRecord" line="crontab/crontab_director.go:15"
time="2018-12-03 09:35:00" level=info msg="time:map[start_time:2018-11-29 06:50:46 end_time:2018-11-29 06:59:46]" line="crontab/crontab_og.go:78"
time="2018-12-03 09:35:00" level=info msg="time:map[start_time:2018-11-29 06:50:46 end_time:2018-11-29 06:59:46]" line="crontab/crontab_og.go:78"
time="2018-12-03 09:35:00" level=error msg="json: cannot unmarshal object into Go value of type []og.ResPutRecord" line="crontab/crontab_director.go:15"
time="2018-12-03 09:35:00" level=error msg="json: cannot unmarshal object into Go value of type []og.ResPutRecord" line="crontab/crontab_director.go:15"
time="2018-12-03 09:36:00" level=info msg="time:map[start_time:2018-11-29 06:50:46 end_time:2018-11-29 06:59:46]" line="crontab/crontab_og.go:78"
time="2018-12-03 09:36:00" level=info msg="time:map[start_time:2018-11-29 06:50:46 end_time:2018-11-29 06:59:46]" line="crontab/crontab_og.go:78"
time="2018-12-03 09:36:00" level=error msg="json: cannot unmarshal object into Go value of type []og.ResPutRecord" line="crontab/crontab_director.go:15"
time="2018-12-03 09:36:00" level=error msg="json: cannot unmarshal object into Go value of type []og.ResPutRecord" line="crontab/crontab_director.go:15"
time="2018-12-03 09:37:00" level=info msg="time:map[end_time:2018-11-29 06:59:46 start_time:2018-11-29 06:50:46]" line="crontab/crontab_og.go:78"
time="2018-12-03 09:37:00" level=info msg="time:map[end_time:2018-11-29 06:59:46 start_time:2018-11-29 06:50:46]" line="crontab/crontab_og.go:78"
time="2018-12-03 09:37:00" level=error msg="json: cannot unmarshal object into Go value of type []og.ResPutRecord" line="crontab/crontab_director.go:15"
time="2018-12-03 09:37:01" level=error msg="json: cannot unmarshal object into Go value of type []og.ResPutRecord" line="crontab/crontab_director.go:15"
time="2018-12-03 09:38:00" level=info msg="time:map[start_time:2018-11-29 06:50:46 end_time:2018-11-29 06:59:46]" line="crontab/crontab_og.go:78"
time="2018-12-03 09:38:00" level=info msg="time:map[start_time:2018-11-29 06:50:46 end_time:2018-11-29 06:59:46]" line="crontab/crontab_og.go:78"
time="2018-12-03 09:38:00" level=error msg="json: cannot unmarshal object into Go value of type []og.ResPutRecord" line="crontab/crontab_director.go:15"
time="2018-12-03 09:38:00" level=error msg="json: cannot unmarshal object into Go value of type []og.ResPutRecord" line="crontab/crontab_director.go:15"
time="2018-12-03 09:39:00" level=info msg="time:map[start_time:2018-11-29 06:50:46 end_time:2018-11-29 06:59:46]" line="crontab/crontab_og.go:78"
time="2018-12-03 09:39:00" level=info msg="time:map[start_time:2018-11-29 06:50:46 end_time:2018-11-29 06:59:46]" line="crontab/crontab_og.go:78"
time="2018-12-03 09:39:00" level=error msg="json: cannot unmarshal object into Go value of type []og.ResPutRecord" line="crontab/crontab_director.go:15"
time="2018-12-03 09:39:00" level=error msg="json: cannot unmarshal object into Go value of type []og.ResPutRecord" line="crontab/crontab_director.go:15"
time="2018-12-03 09:40:00" level=info msg="time:map[start_time:2018-11-29 06:50:46 end_time:2018-11-29 06:59:46]" line="crontab/crontab_og.go:78"
time="2018-12-03 09:40:00" level=info msg="time:map[start_time:2018-11-29 06:50:46 end_time:2018-11-29 06:59:46]" line="crontab/crontab_og.go:78"
time="2018-12-03 09:40:00" level=error msg="json: cannot unmarshal object into Go value of type []og.ResPutRecord" line="crontab/crontab_director.go:15"
time="2018-12-03 09:40:00" level=error msg="json: cannot unmarshal object into Go value of type []og.ResPutRecord" line="crontab/crontab_director.go:15"
time="2018-12-03 09:41:00" level=info msg="time:map[start_time:2018-11-29 06:50:46 end_time:2018-11-29 06:59:46]" line="crontab/crontab_og.go:78"
time="2018-12-03 09:41:00" level=info msg="time:map[start_time:2018-11-29 06:50:46 end_time:2018-11-29 06:59:46]" line="crontab/crontab_og.go:78"
time="2018-12-03 09:41:01" level=error msg="json: cannot unmarshal object into Go value of type []og.ResPutRecord" line="crontab/crontab_director.go:15"
time="2018-12-03 09:41:01" level=error msg="json: cannot unmarshal object into Go value of type []og.ResPutRecord" line="crontab/crontab_director.go:15"
time="2018-12-03 09:42:00" level=info msg="time:map[end_time:2018-11-29 06:59:46 start_time:2018-11-29 06:50:46]" line="crontab/crontab_og.go:78"
time="2018-12-03 09:42:00" level=info msg="time:map[start_time:2018-11-29 06:50:46 end_time:2018-11-29 06:59:46]" line="crontab/crontab_og.go:78"
time="2018-12-03 09:42:01" level=error msg="json: cannot unmarshal object into Go value of type []og.ResPutRecord" line="crontab/crontab_director.go:15"
time="2018-12-03 09:42:02" level=error msg="json: cannot unmarshal object into Go value of type []og.ResPutRecord" line="crontab/crontab_director.go:15"
time="2018-12-03 09:43:00" level=info msg="time:map[end_time:2018-11-29 06:59:46 start_time:2018-11-29 06:50:46]" line="crontab/crontab_og.go:78"
time="2018-12-03 09:43:00" level=info msg="time:map[start_time:2018-11-29 06:50:46 end_time:2018-11-29 06:59:46]" line="crontab/crontab_og.go:78"
time="2018-12-03 09:43:00" level=error msg="json: cannot unmarshal object into Go value of type []og.ResPutRecord" line="crontab/crontab_director.go:15"
time="2018-12-03 09:43:01" level=error msg="json: cannot unmarshal object into Go value of type []og.ResPutRecord" line="crontab/crontab_director.go:15"
time="2018-12-03 09:44:00" level=info msg="time:map[start_time:2018-11-29 06:50:46 end_time:2018-11-29 06:59:46]" line="crontab/crontab_og.go:78"
time="2018-12-03 09:44:00" level=info msg="time:map[start_time:2018-11-29 06:50:46 end_time:2018-11-29 06:59:46]" line="crontab/crontab_og.go:78"
time="2018-12-03 09:44:00" level=error msg="json: cannot unmarshal object into Go value of type []og.ResPutRecord" line="crontab/crontab_director.go:15"
time="2018-12-03 09:45:00" level=info msg="time:map[start_time:2018-11-29 06:50:46 end_time:2018-11-29 06:59:46]" line="crontab/crontab_og.go:78"
time="2018-12-03 09:45:00" level=info msg="time:map[start_time:2018-11-29 06:50:46 end_time:2018-11-29 06:59:46]" line="crontab/crontab_og.go:78"
time="2018-12-03 09:45:00" level=error msg="json: cannot unmarshal object into Go value of type []og.ResPutRecord" line="crontab/crontab_director.go:15"
time="2018-12-03 09:46:00" level=info msg="time:map[end_time:2018-11-29 06:59:46 start_time:2018-11-29 06:50:46]" line="crontab/crontab_og.go:78"
time="2018-12-03 09:46:00" level=info msg="time:map[start_time:2018-11-29 06:50:46 end_time:2018-11-29 06:59:46]" line="crontab/crontab_og.go:78"
time="2018-12-03 09:46:00" level=error msg="json: cannot unmarshal object into Go value of type []og.ResPutRecord" line="crontab/crontab_director.go:15"
time="2018-12-03 09:47:00" level=info msg="time:map[start_time:2018-11-29 06:50:46 end_time:2018-11-29 06:59:46]" line="crontab/crontab_og.go:78"
time="2018-12-03 09:47:00" level=info msg="time:map[start_time:2018-11-29 06:50:46 end_time:2018-11-29 06:59:46]" line="crontab/crontab_og.go:78"
time="2018-12-03 09:47:00" level=error msg="json: cannot unmarshal object into Go value of type []og.ResPutRecord" line="crontab/crontab_director.go:15"
time="2018-12-03 09:48:00" level=info msg="time:map[start_time:2018-11-29 06:50:46 end_time:2018-11-29 06:59:46]" line="crontab/crontab_og.go:78"
time="2018-12-03 09:48:00" level=info msg="time:map[start_time:2018-11-29 06:50:46 end_time:2018-11-29 06:59:46]" line="crontab/crontab_og.go:78"
time="2018-12-03 09:48:00" level=error msg="json: cannot unmarshal object into Go value of type []og.ResPutRecord" line="crontab/crontab_director.go:15"
time="2018-12-03 09:49:00" level=info msg="time:map[start_time:2018-11-29 06:50:46 end_time:2018-11-29 06:59:46]" line="crontab/crontab_og.go:78"
time="2018-12-03 09:49:00" level=info msg="time:map[end_time:2018-11-29 06:59:46 start_time:2018-11-29 06:50:46]" line="crontab/crontab_og.go:78"
time="2018-12-03 09:49:00" level=error msg="json: cannot unmarshal object into Go value of type []og.ResPutRecord" line="crontab/crontab_director.go:15"
time="2018-12-03 10:27:10" level=error msg="task: unknown adapter name OG (forgot to import?)" line="action/game_record.go:22"
time="2018-12-03 10:27:39" level=error msg="task: unknown adapter name OG (forgot to import?)" line="action/game_record.go:22"
time="2018-12-03 10:27:56" level=error msg="task: unknown adapter name OG (forgot to import?)" line="action/game_record.go:22"
time="2018-12-03 10:28:11" level=error msg="task: unknown adapter name OG (forgot to import?)" line="action/game_record.go:22"
time="2018-12-03 10:29:55" level=error msg="task: unknown adapter name OG (forgot to import?)" line="action/game_record.go:24"
time="2018-12-03 10:30:10" level=info msg="crontab task [og]: get game record start." line="action/game_record.go:29"
time="2018-12-03 10:30:10" level=info msg="time:map[start_time:2018-11-29 06:50:46 end_time:2018-11-29 06:59:46]" line="crontab/crontab_og.go:82"
time="2018-12-03 10:30:11" level=info msg="crontab task [og]: get game record end." line="action/game_record.go:33"
time="2018-12-03 10:31:00" level=info msg="crontab task [og]: get game record start." line="action/game_record.go:29"
time="2018-12-03 10:31:00" level=info msg="time:map[start_time:2018-11-29 06:55:46 end_time:2018-11-29 06:59:46]" line="crontab/crontab_og.go:82"
time="2018-12-03 10:31:01" level=info msg="crontab task [og]: get game record end." line="action/game_record.go:33"
time="2018-12-03 10:32:44" level=info msg="crontab task [og]: get game record start." line="action/game_record.go:27"
time="2018-12-03 10:32:44" level=info msg="time:map[start_time:2018-11-29 06:55:46 end_time:2018-11-29 06:59:46 end_time2:2018-11-29 06:59:46]" line="crontab/crontab_og.go:82"
time="2018-12-03 10:32:45" level=info msg="crontab task [og]: get game record end." line="action/game_record.go:31"
time="2018-12-03 10:33:36" level=info msg="crontab task [og]: get game record start." line="action/game_record.go:27"
time="2018-12-03 10:33:37" level=info msg="crontab task [og]: get game record end." line="action/game_record.go:31"
time="2018-12-03 10:35:48" level=info msg="crontab task [og]: get game record start." line="action/game_record.go:27"
time="2018-12-03 10:35:48" level=info msg="crontab task [og]: get game record end." line="action/game_record.go:31"
time="2018-12-03 10:36:33" level=info msg="crontab task [og]: get game record start." line="action/game_record.go:27"
time="2018-12-03 10:36:34" level=info msg="crontab task [og]: get game record end." line="action/game_record.go:31"
time="2018-12-03 10:36:46" level=info msg="crontab task [og]: get game record start." line="action/game_record.go:27"
time="2018-12-03 10:36:47" level=info msg="crontab task [og]: get game record end." line="action/game_record.go:31"
time="2018-12-03 10:40:12" level=info msg="crontab task [og]: get game record start." line="action/game_record.go:27"
time="2018-12-03 10:40:12" level=info msg="crontab task [og]: get game record end." line="action/game_record.go:31"
